
=== Sat Sep 29 22:27:55 2018

Packages were changed.
Update Mode: updateDependencies

The following packages were added:
  com.unity.collab-proxy@1.2.9
The following packages were updated:
  com.unity.analytics from version 2.0.16 to 3.0.9
  com.unity.package-manager-ui from version 1.9.11 to 2.0.0-preview.7
  com.unity.textmeshpro from version 1.2.4 to 1.3.0

=== Thu Oct 25 12:48:21 2018

Packages were changed.
Update Mode: updateDependencies

The following packages were updated:
  com.unity.collab-proxy from version 1.2.9 to 1.2.11
  com.unity.package-manager-ui from version 2.0.0-preview.7 to 2.0.2

=== Sat Aug 24 00:38:14 2019

Packages were changed.
Update Mode: updateDependencies

The following packages were added:
  com.unity.2d.tilemap@1.0.0
  com.unity.ext.nunit@1.0.0
  com.unity.test-framework@1.0.13
  com.unity.timeline@1.1.0
  com.unity.2d.sprite@1.0.0
  com.unity.ide.vscode@1.0.7
  com.unity.ide.rider@1.1.0
  com.unity.ugui@1.0.0
  com.unity.modules.androidjni@1.0.0
  com.unity.multiplayer-hlapi@1.0.2
  com.unity.xr.legacyinputhelpers@2.0.2
The following packages were updated:
  com.unity.analytics from version 3.0.9 to 3.3.2
  com.unity.collab-proxy from version 1.2.11 to 1.2.16
  com.unity.package-manager-ui from version 2.0.2 to 2.2.0
  com.unity.purchasing from version 2.0.3 to 2.0.6
  com.unity.textmeshpro from version 1.3.0 to 2.0.1
